0 info it worked if it ends with ok
1 verbose cli [ '/usr/local/bin/node',
1 verbose cli   '/usr/local/bin/npm',
1 verbose cli   'install',
1 verbose cli   '-g',
1 verbose cli   'browserify' ]
2 info using npm@2.14.4
3 info using node@v4.1.1
4 verbose install initial load of /usr/local/lib/package.json
5 verbose readDependencies loading dependencies from /usr/local/lib/package.json
6 silly cache add args [ 'browserify', null ]
7 verbose cache add spec browserify
8 silly cache add parsed spec Result {
8 silly cache add   raw: 'browserify',
8 silly cache add   scope: null,
8 silly cache add   name: 'browserify',
8 silly cache add   rawSpec: '',
8 silly cache add   spec: '*',
8 silly cache add   type: 'range' }
9 silly addNamed browserify@*
10 verbose addNamed "*" is a valid semver range for browserify
11 silly addNameRange { name: 'browserify', range: '*', hasData: false }
12 silly mapToRegistry name browserify
13 silly mapToRegistry using default registry
14 silly mapToRegistry registry https://registry.npmjs.org/
15 silly mapToRegistry uri https://registry.npmjs.org/browserify
16 verbose addNameRange registry:https://registry.npmjs.org/browserify not in flight; fetching
17 verbose request uri https://registry.npmjs.org/browserify
18 verbose request no auth needed
19 info attempt registry request try #1 at 4:44:32 PM
20 verbose request id b08f7ce8c85e836b
21 http request GET https://registry.npmjs.org/browserify
22 http 200 https://registry.npmjs.org/browserify
23 silly get cb [ 200,
23 silly get   { server: 'CouchDB/1.5.0 (Erlang OTP/R16B03)',
23 silly get     etag: '"41JV5N0LG207SBMOX8RCRYK1D"',
23 silly get     'content-type': 'application/json',
23 silly get     'cache-control': 'max-age=60',
23 silly get     'content-length': '850224',
23 silly get     'accept-ranges': 'bytes',
23 silly get     date: 'Sat, 14 Nov 2015 23:44:26 GMT',
23 silly get     via: '1.1 varnish',
23 silly get     age: '14',
23 silly get     connection: 'keep-alive',
23 silly get     'x-served-by': 'cache-ord1724-ORD',
23 silly get     'x-cache': 'HIT',
23 silly get     'x-cache-hits': '1',
23 silly get     'x-timer': 'S1447544666.357659,VS0,VE3',
23 silly get     vary: 'Accept' } ]
24 verbose get saving browserify to /Users/JeremyWard/.npm/registry.npmjs.org/browserify/.cache.json
25 silly addNameRange number 2 { name: 'browserify', range: '*', hasData: true }
26 silly addNameRange versions [ 'browserify',
26 silly addNameRange   [ '0.0.1',
26 silly addNameRange     '0.0.2',
26 silly addNameRange     '0.0.3',
26 silly addNameRange     '0.0.4',
26 silly addNameRange     '0.0.5',
26 silly addNameRange     '0.1.0',
26 silly addNameRange     '0.1.1',
26 silly addNameRange     '0.1.2',
26 silly addNameRange     '0.1.3',
26 silly addNameRange     '0.1.4',
26 silly addNameRange     '0.1.5',
26 silly addNameRange     '0.2.0',
26 silly addNameRange     '0.2.1',
26 silly addNameRange     '0.2.2',
26 silly addNameRange     '0.2.3',
26 silly addNameRange     '0.2.4',
26 silly addNameRange     '0.2.5',
26 silly addNameRange     '0.2.6',
26 silly addNameRange     '0.2.7',
26 silly addNameRange     '0.2.8',
26 silly addNameRange     '0.2.9',
26 silly addNameRange     '0.2.10',
26 silly addNameRange     '0.2.11',
26 silly addNameRange     '0.3.0',
26 silly addNameRange     '0.3.1',
26 silly addNameRange     '0.3.2',
26 silly addNameRange     '0.3.3',
26 silly addNameRange     '0.3.4',
26 silly addNameRange     '0.3.5',
26 silly addNameRange     '0.3.6',
26 silly addNameRange     '0.3.7',
26 silly addNameRange     '0.4.0',
26 silly addNameRange     '0.4.1',
26 silly addNameRange     '0.4.2',
26 silly addNameRange     '0.4.3',
26 silly addNameRange     '0.4.4',
26 silly addNameRange     '0.4.5',
26 silly addNameRange     '0.4.6',
26 silly addNameRange     '0.4.7',
26 silly addNameRange     '0.4.8',
26 silly addNameRange     '0.4.9',
26 silly addNameRange     '0.4.10',
26 silly addNameRange     '0.4.11',
26 silly addNameRange     '0.4.12',
26 silly addNameRange     '0.4.13',
26 silly addNameRange     '0.4.14',
26 silly addNameRange     '0.4.15',
26 silly addNameRange     '0.5.0',
26 silly addNameRange     '0.5.1',
26 silly addNameRange     '0.5.2',
26 silly addNameRange     '1.0.0',
26 silly addNameRange     '1.1.0',
26 silly addNameRange     '1.1.1',
26 silly addNameRange     '1.1.2',
26 silly addNameRange     '1.1.3',
26 silly addNameRange     '1.1.4',
26 silly addNameRange     '1.2.0',
26 silly addNameRange     '1.2.1',
26 silly addNameRange     '1.2.2',
26 silly addNameRange     '1.2.3',
26 silly addNameRange     '1.2.4',
26 silly addNameRange     '1.2.5',
26 silly addNameRange     '1.2.6',
26 silly addNameRange     '1.2.7',
26 silly addNameRange     '1.2.8',
26 silly addNameRange     '1.2.9',
26 silly addNameRange     '1.3.0',
26 silly addNameRange     '1.4.0',
26 silly addNameRange     '1.4.1',
26 silly addNameRange     '1.4.2',
26 silly addNameRange     '1.4.3',
26 silly addNameRange     '1.4.4',
26 silly addNameRange     '1.4.5',
26 silly addNameRange     '1.4.6',
26 silly addNameRange     '1.4.7',
26 silly addNameRange     '1.4.8',
26 silly addNameRange     '1.5.0',
26 silly addNameRange     '1.6.0',
26 silly addNameRange     '1.6.1',
26 silly addNameRange     '1.7.0',
26 silly addNameRange     '1.7.1',
26 silly addNameRange     '1.7.2',
26 silly addNameRange     '1.7.3',
26 silly addNameRange     '1.7.4',
26 silly addNameRange     '1.7.5',
26 silly addNameRange     '1.7.6',
26 silly addNameRange     '1.7.7',
26 silly addNameRange     '1.8.0',
26 silly addNameRange     '1.8.1',
26 silly addNameRange     '1.8.2',
26 silly addNameRange     '1.8.3',
26 silly addNameRange     '1.9.0',
26 silly addNameRange     '1.9.1',
26 silly addNameRange     '1.9.2',
26 silly addNameRange     '1.9.3',
26 silly addNameRange     '1.9.4',
26 silly addNameRange     '1.10.0',
26 silly addNameRange     '1.10.1',
26 silly addNameRange     '1.10.2',
26 silly addNameRange     '1.10.3',
26 silly addNameRange     '1.10.4',
26 silly addNameRange     '1.10.5',
26 silly addNameRange     '1.10.6',
26 silly addNameRange     '1.10.7',
26 silly addNameRange     '1.10.8',
26 silly addNameRange     '1.10.9',
26 silly addNameRange     '1.10.11',
26 silly addNameRange     '1.10.12',
26 silly addNameRange     '1.10.13',
26 silly addNameRange     '1.10.14',
26 silly addNameRange     '1.10.15',
26 silly addNameRange     '1.10.16',
26 silly addNameRange     '1.10.17',
26 silly addNameRange     '1.11.0',
26 silly addNameRange     '1.11.1',
26 silly addNameRange     '1.12.0',
26 silly addNameRange     '1.12.1',
26 silly addNameRange     '1.12.2',
26 silly addNameRange     '1.12.3',
26 silly addNameRange     '1.13.0',
26 silly addNameRange     '1.13.1',
26 silly addNameRange     '1.13.2',
26 silly addNameRange     '1.13.3',
26 silly addNameRange     '1.13.4',
26 silly addNameRange     '1.13.5',
26 silly addNameRange     '1.13.6',
26 silly addNameRange     '1.13.8',
26 silly addNameRange     '1.13.9',
26 silly addNameRange     '1.13.10',
26 silly addNameRange     '1.14.0',
26 silly addNameRange     '1.14.1',
26 silly addNameRange     '1.14.2',
26 silly addNameRange     '1.14.3',
26 silly addNameRange     '1.14.4',
26 silly addNameRange     '1.14.5',
26 silly addNameRange     '1.15.0',
26 silly addNameRange     '1.15.1',
26 silly addNameRange     '1.15.2',
26 silly addNameRange     '1.15.3',
26 silly addNameRange     '1.15.4',
26 silly addNameRange     '1.15.5',
26 silly addNameRange     '1.15.6',
26 silly addNameRange     '1.16.0',
26 silly addNameRange     '1.16.1',
26 silly addNameRange     '1.16.2',
26 silly addNameRange     '1.16.3',
26 silly addNameRange     '1.16.4',
26 silly addNameRange     '1.16.5',
26 silly addNameRange     '1.16.6',
26 silly addNameRange     '1.16.7',
26 silly addNameRange     '1.16.8',
26 silly addNameRange     '1.17.0',
26 silly addNameRange     '1.17.1',
26 silly addNameRange     '1.17.2',
26 silly addNameRange     '1.17.3',
26 silly addNameRange     '1.18.0',
26 silly addNameRange     '2.0.0',
26 silly addNameRange     '2.0.1',
26 silly addNameRange     '2.1.0',
26 silly addNameRange     '2.2.0',
26 silly addNameRange     '2.2.1',
26 silly addNameRange     '2.2.2',
26 silly addNameRange     '2.2.3',
26 silly addNameRange     '2.2.4',
26 silly addNameRange     '2.2.5',
26 silly addNameRange     '2.2.6',
26 silly addNameRange     '2.3.0',
26 silly addNameRange     '2.3.1',
26 silly addNameRange     '2.4.0',
26 silly addNameRange     '2.4.1',
26 silly addNameRange     '2.4.2',
26 silly addNameRange     '2.4.3',
26 silly addNameRange     '2.5.0',
26 silly addNameRange     '2.5.1',
26 silly addNameRange     '2.6.0',
26 silly addNameRange     '2.6.1',
26 silly addNameRange     '2.7.0',
26 silly addNameRange     '2.7.1',
26 silly addNameRange     '2.7.2',
26 silly addNameRange     '2.7.3',
26 silly addNameRange     '2.7.4',
26 silly addNameRange     '2.8.0',
26 silly addNameRange     '2.8.1',
26 silly addNameRange     '2.9.0',
26 silly addNameRange     '2.10.0',
26 silly addNameRange     '2.10.1',
26 silly addNameRange     '2.10.2',
26 silly addNameRange     '2.11.0',
26 silly addNameRange     '2.12.0',
26 silly addNameRange     '2.12.1',
26 silly addNameRange     '2.12.2',
26 silly addNameRange     '2.12.3',
26 silly addNameRange     '2.12.4',
26 silly addNameRange     '2.12.5',
26 silly addNameRange     '2.13.0',
26 silly addNameRange     '2.13.1',
26 silly addNameRange     '2.13.2',
26 silly addNameRange     '2.13.3',
26 silly addNameRange     '2.14.0',
26 silly addNameRange     '2.14.1',
26 silly addNameRange     '2.14.2',
26 silly addNameRange     '2.15.0',
26 silly addNameRange     '2.16.0',
26 silly addNameRange     '2.17.0',
26 silly addNameRange     '2.17.1',
26 silly addNameRange     '2.17.2',
26 silly addNameRange     '2.17.3',
26 silly addNameRange     '2.17.4',
26 silly addNameRange     '2.18.0',
26 silly addNameRange     '2.18.1',
26 silly addNameRange     '2.19.0',
26 silly addNameRange     '2.20.0',
26 silly addNameRange     '2.20.1',
26 silly addNameRange     '2.20.2',
26 silly addNameRange     '2.21.0',
26 silly addNameRange     '2.22.0',
26 silly addNameRange     '2.23.0',
26 silly addNameRange     '2.23.1',
26 silly addNameRange     '2.24.0',
26 silly addNameRange     '2.24.1',
26 silly addNameRange     '2.24.2',
26 silly addNameRange     '2.24.3',
26 silly addNameRange     '2.25.0',
26 silly addNameRange     '2.25.1',
26 silly addNameRange     '2.26.0',
26 silly addNameRange     '2.27.0',
26 silly addNameRange     '2.27.1',
26 silly addNameRange     '2.28.0',
26 silly addNameRange     '2.29.0',
26 silly addNameRange     '2.29.1',
26 silly addNameRange     '2.30.0',
26 silly addNameRange     '2.31.0',
26 silly addNameRange     '2.32.0',
26 silly addNameRange     '2.32.1',
26 silly addNameRange     '2.32.2',
26 silly addNameRange     '2.32.3',
26 silly addNameRange     '2.32.4',
26 silly addNameRange     '2.33.0',
26 silly addNameRange     '2.33.1',
26 silly addNameRange     '2.34.0',
26 silly addNameRange     '2.34.1',
26 silly addNameRange     '2.34.2',
26 silly addNameRange     '2.34.3',
26 silly addNameRange     '2.35.0',
26 silly addNameRange     '2.35.1',
26 silly addNameRange     '2.35.2',
26 silly addNameRange     '2.35.3',
26 silly addNameRange     '2.35.4',
26 silly addNameRange     '2.36.0',
26 silly addNameRange     '2.36.1',
26 silly addNameRange     '3.0.0',
26 silly addNameRange     '3.1.0',
26 silly addNameRange     '3.1.1',
26 silly addNameRange     '3.1.2',
26 silly addNameRange     '3.1.3',
26 silly addNameRange     '3.2.0',
26 silly addNameRange     '3.2.1',
26 silly addNameRange     '3.2.2',
26 silly addNameRange     '3.3.0',
26 silly addNameRange     '3.4.0',
26 silly addNameRange     '3.4.1',
26 silly addNameRange     '3.5.0',
26 silly addNameRange     '3.6.0',
26 silly addNameRange     '3.7.0',
26 silly addNameRange     '3.8.0',
26 silly addNameRange     '3.8.1',
26 silly addNameRange     '3.9.0',
26 silly addNameRange     '3.9.1',
26 silly addNameRange     '3.10.0',
26 silly addNameRange     '3.11.0',
26 silly addNameRange     '3.11.1',
26 silly addNameRange     '3.12.0',
26 silly addNameRange     '3.13.0',
26 silly addNameRange     '3.14.0',
26 silly addNameRange     '3.14.1',
26 silly addNameRange     '3.16.0',
26 silly addNameRange     '3.16.1',
26 silly addNameRange     '3.17.0',
26 silly addNameRange     '3.18.0',
26 silly addNameRange     '3.19.0',
26 silly addNameRange     '3.19.1',
26 silly addNameRange     '3.20.0',
26 silly addNameRange     '3.20.1',
26 silly addNameRange     '3.20.2',
26 silly addNameRange     '3.21.0',
26 silly addNameRange     '3.21.1',
26 silly addNameRange     '3.22.0',
26 silly addNameRange     '3.22.1',
26 silly addNameRange     '3.23.0',
26 silly addNameRange     '3.23.1',
26 silly addNameRange     '3.24.0',
26 silly addNameRange     '3.24.1',
26 silly addNameRange     '3.24.2',
26 silly addNameRange     '3.24.3',
26 silly addNameRange     '3.24.4',
26 silly addNameRange     '3.24.5',
26 silly addNameRange     '3.24.6',
26 silly addNameRange     '3.24.7',
26 silly addNameRange     '3.24.8',
26 silly addNameRange     '3.24.9',
26 silly addNameRange     '3.24.10',
26 silly addNameRange     '3.24.11',
26 silly addNameRange     '3.24.13',
26 silly addNameRange     '3.25.0',
26 silly addNameRange     '3.25.1',
26 silly addNameRange     '3.25.2',
26 silly addNameRange     '3.26.0',
26 silly addNameRange     '3.27.0',
26 silly addNameRange     '3.27.1',
26 silly addNameRange     '3.28.0',
26 silly addNameRange     '3.28.1',
26 silly addNameRange     '3.28.2',
26 silly addNameRange     '3.29.0',
26 silly addNameRange     '3.29.1',
26 silly addNameRange     '3.30.0',
26 silly addNameRange     '3.30.1',
26 silly addNameRange     '3.30.2',
26 silly addNameRange     '3.30.3',
26 silly addNameRange     '3.30.4',
26 silly addNameRange     '3.31.0',
26 silly addNameRange     '3.31.1',
26 silly addNameRange     '3.31.2',
26 silly addNameRange     '3.32.0',
26 silly addNameRange     '3.32.1',
26 silly addNameRange     '3.33.0',
26 silly addNameRange     '3.33.1',
26 silly addNameRange     '3.34.0',
26 silly addNameRange     '3.35.0',
26 silly addNameRange     '3.36.0',
26 silly addNameRange     '3.36.1',
26 silly addNameRange     '3.37.0',
26 silly addNameRange     '3.37.1',
26 silly addNameRange     '3.37.2',
26 silly addNameRange     '3.38.0',
26 silly addNameRange     '3.38.1',
26 silly addNameRange     '3.39.0',
26 silly addNameRange     '3.40.0',
26 silly addNameRange     '3.40.1',
26 silly addNameRange     '3.40.2',
26 silly addNameRange     '3.40.3',
26 silly addNameRange     '3.40.4',
26 silly addNameRange     '3.41.0',
26 silly addNameRange     '3.42.0',
26 silly addNameRange     '3.43.0',
26 silly addNameRange     '3.44.0',
26 silly addNameRange     '3.44.1',
26 silly addNameRange     '3.44.2',
26 silly addNameRange     '3.45.0',
26 silly addNameRange     '3.46.0',
26 silly addNameRange     '3.46.1',
26 silly addNameRange     '4.0.0',
26 silly addNameRange     '4.1.0',
26 silly addNameRange     '4.1.1',
26 silly addNameRange     '4.1.2',
26 silly addNameRange     '4.1.3',
26 silly addNameRange     '4.1.4',
26 silly addNameRange     '4.1.5',
26 silly addNameRange     '4.1.6',
26 silly addNameRange     '4.1.7',
26 silly addNameRange     '4.1.8',
26 silly addNameRange     '4.1.9',
26 silly addNameRange     '4.1.10',
26 silly addNameRange     '4.1.11',
26 silly addNameRange     '4.2.0',
26 silly addNameRange     '4.2.1',
26 silly addNameRange     '4.2.2',
26 silly addNameRange     '4.2.3',
26 silly addNameRange     '5.0.0',
26 silly addNameRange     '5.0.1',
26 silly addNameRange     '5.0.2',
26 silly addNameRange     '5.0.3',
26 silly addNameRange     '5.0.4',
26 silly addNameRange     '5.0.5',
26 silly addNameRange     '5.0.6',
26 silly addNameRange     '5.0.7',
26 silly addNameRange     '5.0.8',
26 silly addNameRange     '5.1.0',
26 silly addNameRange     '5.1.1',
26 silly addNameRange     '5.2.0',
26 silly addNameRange     '5.2.1',
26 silly addNameRange     '5.3.0',
26 silly addNameRange     '5.4.0',
26 silly addNameRange     '5.4.1',
26 silly addNameRange     '5.4.2',
26 silly addNameRange     '5.5.0',
26 silly addNameRange     '5.6.0',
26 silly addNameRange     '5.6.1',
26 silly addNameRange     '5.7.0',
26 silly addNameRange     '5.8.0',
26 silly addNameRange     '5.9.0',
26 silly addNameRange     '5.9.1',
26 silly addNameRange     '5.9.2',
26 silly addNameRange     '5.9.3',
26 silly addNameRange     '5.10.0',
26 silly addNameRange     '5.10.1',
26 silly addNameRange     '5.11.0',
26 silly addNameRange     '5.11.1',
26 silly addNameRange     '5.11.2',
26 silly addNameRange     '5.12.0',
26 silly addNameRange     '5.12.1',
26 silly addNameRange     '5.12.2',
26 silly addNameRange     '5.13.0',
26 silly addNameRange     '5.13.1',
26 silly addNameRange     '6.0.0',
26 silly addNameRange     '6.0.1',
26 silly addNameRange     '6.0.2',
26 silly addNameRange     '6.0.3',
26 silly addNameRange     '6.1.0',
26 silly addNameRange     '6.1.1',
26 silly addNameRange     '6.1.2',
26 silly addNameRange     '6.2.0',
26 silly addNameRange     '6.3.0',
26 silly addNameRange     '6.3.1',
26 silly addNameRange     '6.3.2',
26 silly addNameRange     '6.3.3',
26 silly addNameRange     '6.3.4',
26 silly addNameRange     '7.0.0',
26 silly addNameRange     '7.0.1',
26 silly addNameRange     '7.0.2',
26 silly addNameRange     '7.0.3',
26 silly addNameRange     '7.1.0',
26 silly addNameRange     '8.0.0',
26 silly addNameRange     '8.0.1',
26 silly addNameRange     '8.0.2',
26 silly addNameRange     '8.0.3',
26 silly addNameRange     '8.1.0',
26 silly addNameRange     '8.1.1',
26 silly addNameRange     '8.1.2',
26 silly addNameRange     '8.1.3',
26 silly addNameRange     '9.0.0',
26 silly addNameRange     '9.0.1',
26 silly addNameRange     '9.0.2',
26 silly addNameRange     '9.0.3',
26 silly addNameRange     '9.0.4',
26 silly addNameRange     '9.0.5',
26 silly addNameRange     '9.0.6',
26 silly addNameRange     '9.0.7',
26 silly addNameRange     '9.0.8',
26 silly addNameRange     '10.0.0',
26 silly addNameRange     '10.1.0',
26 silly addNameRange     '10.1.1',
26 silly addNameRange     '10.1.2',
26 silly addNameRange     '10.1.3',
26 silly addNameRange     '10.2.0',
26 silly addNameRange     '10.2.1',
26 silly addNameRange     '10.2.3',
26 silly addNameRange     '10.2.4',
26 silly addNameRange     '10.2.5',
26 silly addNameRange     '10.2.6',
26 silly addNameRange     '11.0.0',
26 silly addNameRange     '11.0.1',
26 silly addNameRange     '11.1.0',
26 silly addNameRange     '11.2.0',
26 silly addNameRange     '12.0.0',
26 silly addNameRange     '12.0.1' ] ]
27 silly addNamed browserify@12.0.1
28 verbose addNamed "12.0.1" is a plain semver version for browserify
29 silly mapToRegistry name browserify
30 silly mapToRegistry using default registry
31 silly mapToRegistry registry https://registry.npmjs.org/
32 silly mapToRegistry uri https://registry.npmjs.org/browserify
33 verbose addRemoteTarball https://registry.npmjs.org/browserify/-/browserify-12.0.1.tgz not in flight; adding
34 verbose addRemoteTarball [ 'https://registry.npmjs.org/browserify/-/browserify-12.0.1.tgz',
34 verbose addRemoteTarball   '2e0bd015384ed07feaac5b6466bd582c5085ec3e' ]
35 info retry fetch attempt 1 at 4:44:34 PM
36 info attempt registry request try #1 at 4:44:34 PM
37 http fetch GET https://registry.npmjs.org/browserify/-/browserify-12.0.1.tgz
38 http fetch 200 https://registry.npmjs.org/browserify/-/browserify-12.0.1.tgz
39 silly fetchAndShaCheck shasum 2e0bd015384ed07feaac5b6466bd582c5085ec3e
40 verbose addTmpTarball /var/folders/tj/1jwvznj908q1b66qlymgp2sw0000gn/T/npm-22416-c512ffe5/registry.npmjs.org/browserify/-/browserify-12.0.1.tgz not in flight; adding
41 verbose addTmpTarball already have metadata; skipping unpack for browserify@12.0.1
42 silly cache afterAdd browserify@12.0.1
43 verbose afterAdd /Users/JeremyWard/.npm/browserify/12.0.1/package/package.json not in flight; writing
44 verbose afterAdd /Users/JeremyWard/.npm/browserify/12.0.1/package/package.json written
45 silly install resolved [ { name: 'browserify',
45 silly install resolved     version: '12.0.1',
45 silly install resolved     description: 'browser-side require() the node way',
45 silly install resolved     main: 'index.js',
45 silly install resolved     bin: { browserify: 'bin/cmd.js' },
45 silly install resolved     repository:
45 silly install resolved      { type: 'git',
45 silly install resolved        url: 'git+ssh://git@github.com/substack/node-browserify.git' },
45 silly install resolved     keywords:
45 silly install resolved      [ 'browser',
45 silly install resolved        'require',
45 silly install resolved        'commonjs',
45 silly install resolved        'commonj-esque',
45 silly install resolved        'bundle',
45 silly install resolved        'npm',
45 silly install resolved        'javascript' ],
45 silly install resolved     dependencies:
45 silly install resolved      { JSONStream: '^1.0.3',
45 silly install resolved        assert: '~1.3.0',
45 silly install resolved        'browser-pack': '^6.0.1',
45 silly install resolved        'browser-resolve': '^1.7.1',
45 silly install resolved        'browserify-zlib': '~0.1.2',
45 silly install resolved        buffer: '^3.4.3',
45 silly install resolved        'concat-stream': '~1.5.1',
45 silly install resolved        'console-browserify': '^1.1.0',
45 silly install resolved        'constants-browserify': '~1.0.0',
45 silly install resolved        'crypto-browserify': '^3.0.0',
45 silly install resolved        defined: '^1.0.0',
45 silly install resolved        'deps-sort': '^2.0.0',
45 silly install resolved        'domain-browser': '~1.1.0',
45 silly install resolved        duplexer2: '~0.1.2',
45 silly install resolved        events: '~1.1.0',
45 silly install resolved        glob: '^5.0.15',
45 silly install resolved        has: '^1.0.0',
45 silly install resolved        htmlescape: '^1.1.0',
45 silly install resolved        'stream-http': '^2.0.0',
45 silly install resolved        'https-browserify': '~0.0.0',
45 silly install resolved        inherits: '~2.0.1',
45 silly install resolved        'insert-module-globals': '^7.0.0',
45 silly install resolved        isarray: '0.0.1',
45 silly install resolved        'labeled-stream-splicer': '^2.0.0',
45 silly install resolved        'module-deps': '^4.0.2',
45 silly install resolved        'os-browserify': '~0.1.1',
45 silly install resolved        parents: '^1.0.1',
45 silly install resolved        'path-browserify': '~0.0.0',
45 silly install resolved        process: '~0.11.0',
45 silly install resolved        punycode: '^1.3.2',
45 silly install resolved        'querystring-es3': '~0.2.0',
45 silly install resolved        'read-only-stream': '^2.0.0',
45 silly install resolved        'readable-stream': '^2.0.2',
45 silly install resolved        resolve: '^1.1.4',
45 silly install resolved        shasum: '^1.0.0',
45 silly install resolved        'shell-quote': '^1.4.3',
45 silly install resolved        'stream-browserify': '^2.0.0',
45 silly install resolved        string_decoder: '~0.10.0',
45 silly install resolved        subarg: '^1.0.0',
45 silly install resolved        'syntax-error': '^1.1.1',
45 silly install resolved        through2: '^2.0.0',
45 silly install resolved        'timers-browserify': '^1.0.1',
45 silly install resolved        'tty-browserify': '~0.0.0',
45 silly install resolved        url: '~0.11.0',
45 silly install resolved        util: '~0.10.1',
45 silly install resolved        'vm-browserify': '~0.0.1',
45 silly install resolved        xtend: '^4.0.0' },
45 silly install resolved     devDependencies:
45 silly install resolved      { backbone: '~0.9.2',
45 silly install resolved        'browser-unpack': '^1.1.1',
45 silly install resolved        'coffee-script': '~1.10.0',
45 silly install resolved        coffeeify: '~1.1.0',
45 silly install resolved        es6ify: '~0.4.8',
45 silly install resolved        isstream: '^0.1.2',
45 silly install resolved        seq: '0.3.5',
45 silly install resolved        tap: '^2.2.0',
45 silly install resolved        temp: '^0.8.1',
45 silly install resolved        through: '^2.3.4' },
45 silly install resolved     author:
45 silly install resolved      { name: 'James Halliday',
45 silly install resolved        email: 'mail@substack.net',
45 silly install resolved        url: 'http://substack.net' },
45 silly install resolved     scripts: { test: 'tap test/*.js' },
45 silly install resolved     license: 'MIT',
45 silly install resolved     gitHead: 'bbfabaa77fd18e81fe4fd74e104a8a793660f5c5',
45 silly install resolved     bugs: { url: 'https://github.com/substack/node-browserify/issues' },
45 silly install resolved     homepage: 'https://github.com/substack/node-browserify#readme',
45 silly install resolved     _id: 'browserify@12.0.1',
45 silly install resolved     _shasum: '2e0bd015384ed07feaac5b6466bd582c5085ec3e',
45 silly install resolved     _from: 'browserify@*',
45 silly install resolved     _npmVersion: '3.3.2',
45 silly install resolved     _nodeVersion: '4.2.1',
45 silly install resolved     _npmUser: { name: 'substack', email: 'substack@gmail.com' },
45 silly install resolved     dist:
45 silly install resolved      { shasum: '2e0bd015384ed07feaac5b6466bd582c5085ec3e',
45 silly install resolved        tarball: 'http://registry.npmjs.org/browserify/-/browserify-12.0.1.tgz' },
45 silly install resolved     maintainers:
45 silly install resolved      [ [Object],
45 silly install resolved        [Object],
45 silly install resolved        [Object],
45 silly install resolved        [Object],
45 silly install resolved        [Object],
45 silly install resolved        [Object],
45 silly install resolved        [Object],
45 silly install resolved        [Object],
45 silly install resolved        [Object],
45 silly install resolved        [Object] ],
45 silly install resolved     directories: {},
45 silly install resolved     _resolved: 'https://registry.npmjs.org/browserify/-/browserify-12.0.1.tgz' } ]
46 info install browserify@12.0.1 into /usr/local/lib
47 info installOne browserify@12.0.1
48 verbose installOne of browserify to /usr/local/lib not in flight; installing
49 verbose lock using /Users/JeremyWard/.npm/_locks/browserify-361ec04d0c7090cb.lock for /usr/local/lib/node_modules/browserify
50 silly install write writing browserify 12.0.1 to /usr/local/lib/node_modules/browserify
51 verbose unbuild lib/node_modules/browserify
52 silly gentlyRm /usr/local/lib/node_modules/browserify is being purged from base /usr/local
53 verbose gentlyRm don't care about contents; nuking /usr/local/lib/node_modules/browserify
54 verbose tar unpack /Users/JeremyWard/.npm/browserify/12.0.1/package.tgz
55 verbose tar unpacking to /usr/local/lib/node_modules/browserify
56 silly gentlyRm /usr/local/lib/node_modules/browserify is being purged
57 verbose gentlyRm don't care about contents; nuking /usr/local/lib/node_modules/browserify
58 silly gunzTarPerm modes [ '755', '644' ]
59 error tar.unpack untar error /Users/JeremyWard/.npm/browserify/12.0.1/package.tgz
60 verbose unlock done using /Users/JeremyWard/.npm/_locks/browserify-361ec04d0c7090cb.lock for /usr/local/lib/node_modules/browserify
61 verbose fstream_path /usr/local/lib/node_modules/browserify
62 verbose fstream_type Directory
63 verbose fstream_class DirWriter
64 verbose stack Error: EACCES: permission denied, mkdir '/usr/local/lib/node_modules/browserify'
64 verbose stack     at Error (native)
65 verbose fstream_stack /usr/local/lib/node_modules/npm/node_modules/fstream/lib/dir-writer.js:35:25
65 verbose fstream_stack /usr/local/lib/node_modules/npm/node_modules/mkdirp/index.js:47:53
65 verbose fstream_stack FSReqWrap.oncomplete (fs.js:82:15)
66 verbose cwd /Applications/XAMPP/xamppfiles/htdocs/v-wish
67 error Darwin 15.0.0
68 error argv "/usr/local/bin/node" "/usr/local/bin/npm" "install" "-g" "browserify"
69 error node v4.1.1
70 error npm  v2.14.4
71 error path /usr/local/lib/node_modules/browserify
72 error code EACCES
73 error errno -13
74 error syscall mkdir
75 error Error: EACCES: permission denied, mkdir '/usr/local/lib/node_modules/browserify'
75 error     at Error (native)
75 error  { [Error: EACCES: permission denied, mkdir '/usr/local/lib/node_modules/browserify']
75 error   errno: -13,
75 error   code: 'EACCES',
75 error   syscall: 'mkdir',
75 error   path: '/usr/local/lib/node_modules/browserify',
75 error   fstream_type: 'Directory',
75 error   fstream_path: '/usr/local/lib/node_modules/browserify',
75 error   fstream_class: 'DirWriter',
75 error   fstream_stack:
75 error    [ '/usr/local/lib/node_modules/npm/node_modules/fstream/lib/dir-writer.js:35:25',
75 error      '/usr/local/lib/node_modules/npm/node_modules/mkdirp/index.js:47:53',
75 error      'FSReqWrap.oncomplete (fs.js:82:15)' ] }
76 error Please try running this command again as root/Administrator.
77 verbose exit [ -13, true ]
78 verbose unbuild lib/node_modules/browserify
79 silly gentlyRm /usr/local/lib/node_modules/browserify is being purged from base /usr/local
80 verbose gentlyRm don't care about contents; nuking /usr/local/lib/node_modules/browserify
